ERROR:root:[Errno 2] No such file or directory: 'html/aljazeera_news.html'
Traceback (most recent call last):
  File "C:\Users\foysa\OneDrive\Desktop\web scraping scripts\url_colllections\scrap\wscrap.py", line 49, in read_web_page
    with open(filepath)as obj:
FileNotFoundError: [Errno 2] No such file or directory: 'html/aljazeera_news.html'
ERROR:root:[Errno 2] No such file or directory: '/html/aljazeera_news.html'
Traceback (most recent call last):
  File "C:\Users\foysa\OneDrive\Desktop\web scraping scripts\url_colllections\scrap\wscrap.py", line 49, in read_web_page
    with open(filepath)as obj:
FileNotFoundError: [Errno 2] No such file or directory: '/html/aljazeera_news.html'
ERROR:root:[Errno 2] No such file or directory: 'html/aljazeera_news.html'
Traceback (most recent call last):
  File "C:\Users\foysa\OneDrive\Desktop\web scraping scripts\url_colllections\scrap\wscrap.py", line 49, in read_web_page
    with open(filepath)as obj:
FileNotFoundError: [Errno 2] No such file or directory: 'html/aljazeera_news.html'
ERROR:root:[Errno 2] No such file or directory: 'html/aljazeera_news.html'
Traceback (most recent call last):
  File "C:\Users\foysa\OneDrive\Desktop\web scraping scripts\url_colllections\scrap\wscrap.py", line 49, in read_web_page
    with open(filepath)as obj:
FileNotFoundError: [Errno 2] No such file or directory: 'html/aljazeera_news.html'
ERROR:root:[Errno 2] No such file or directory: 'html/aljazeera_news.html'
Traceback (most recent call last):
  File "C:\Users\foysa\OneDrive\Desktop\web scraping scripts\url_colllections\scrap\wscrap.py", line 49, in read_web_page
    with open(filepath)as obj:
FileNotFoundError: [Errno 2] No such file or directory: 'html/aljazeera_news.html'
ERROR:root:[Errno 2] No such file or directory: 'html/aljazeera.html'
Traceback (most recent call last):
  File "C:\Users\foysa\OneDrive\Desktop\web scraping scripts\url_colllections\scrap\wscrap.py", line 49, in read_web_page
    with open(filepath)as obj:
FileNotFoundError: [Errno 2] No such file or directory: 'html/aljazeera.html'
ERROR:root:[Errno 2] No such file or directory: 'html/aljazeera.html'
Traceback (most recent call last):
  File "C:\Users\foysa\OneDrive\Desktop\web scraping scripts\url_colllections\scrap\wscrap.py", line 49, in read_web_page
    with open(filepath)as obj:
FileNotFoundError: [Errno 2] No such file or directory: 'html/aljazeera.html'
ERROR:root:[Errno 2] No such file or directory: 'html/aljazeera.html'
Traceback (most recent call last):
  File "C:\Users\foysa\OneDrive\Desktop\web scraping scripts\url_colllections\scrap\wscrap.py", line 49, in read_web_page
    with open(filepath)as obj:
FileNotFoundError: [Errno 2] No such file or directory: 'html/aljazeera.html'
ERROR:root:[Errno 2] No such file or directory: 'html/aljazeera.html'
Traceback (most recent call last):
  File "C:\Users\foysa\OneDrive\Desktop\web scraping scripts\url_colllections\scrap\wscrap.py", line 49, in read_web_page
    with open(filepath)as obj:
FileNotFoundError: [Errno 2] No such file or directory: 'html/aljazeera.html'
ERROR:root:[Errno 2] No such file or directory: 'html/aljazeera.html'
Traceback (most recent call last):
  File "C:\Users\foysa\OneDrive\Desktop\web scraping scripts\url_colllections\scrap\wscrap.py", line 49, in read_web_page
    with open(filepath)as obj:
FileNotFoundError: [Errno 2] No such file or directory: 'html/aljazeera.html'
ERROR:root:[Errno 2] No such file or directory: 'html/newssource.html'
Traceback (most recent call last):
  File "C:\Users\foysa\OneDrive\Desktop\web scraping scripts\url_colllections\scrap\wscrap.py", line 49, in read_web_page
    with open(filepath)as obj:
FileNotFoundError: [Errno 2] No such file or directory: 'html/newssource.html'
ERROR:root:HTTP Error 403: Forbidden
Traceback (most recent call last):
  File "C:\Users\foysa\OneDrive\Desktop\web scraping scripts\url_colllections\scrap\wscrap.py", line 25, in retrive_webpage
    html = urlopen(self.__url)
  File "C:\Users\foysa\AppData\Local\Programs\Python\Python310\lib\urllib\request.py", line 216, in urlopen
    return opener.open(url, data, timeout)
  File "C:\Users\foysa\AppData\Local\Programs\Python\Python310\lib\urllib\request.py", line 525, in open
    response = meth(req, response)
  File "C:\Users\foysa\AppData\Local\Programs\Python\Python310\lib\urllib\request.py", line 634, in http_response
    response = self.parent.error(
  File "C:\Users\foysa\AppData\Local\Programs\Python\Python310\lib\urllib\request.py", line 563, in error
    return self._call_chain(*args)
  File "C:\Users\foysa\AppData\Local\Programs\Python\Python310\lib\urllib\request.py", line 496, in _call_chain
    result = func(*args)
  File "C:\Users\foysa\AppData\Local\Programs\Python\Python310\lib\urllib\request.py", line 643, in http_error_default
    raise HTTPError(req.full_url, code, msg, hdrs, fp)
urllib.error.HTTPError: HTTP Error 403: Forbidden
ERROR:root:HTTP Error 403: Forbidden
Traceback (most recent call last):
  File "C:\Users\foysa\OneDrive\Desktop\web scraping scripts\url_colllections\scrap\wscrap.py", line 22, in retrive_webpage
    html = urlopen(self.__url)
  File "C:\Users\foysa\AppData\Local\Programs\Python\Python310\lib\urllib\request.py", line 216, in urlopen
    return opener.open(url, data, timeout)
  File "C:\Users\foysa\AppData\Local\Programs\Python\Python310\lib\urllib\request.py", line 525, in open
    response = meth(req, response)
  File "C:\Users\foysa\AppData\Local\Programs\Python\Python310\lib\urllib\request.py", line 634, in http_response
    response = self.parent.error(
  File "C:\Users\foysa\AppData\Local\Programs\Python\Python310\lib\urllib\request.py", line 563, in error
    return self._call_chain(*args)
  File "C:\Users\foysa\AppData\Local\Programs\Python\Python310\lib\urllib\request.py", line 496, in _call_chain
    result = func(*args)
  File "C:\Users\foysa\AppData\Local\Programs\Python\Python310\lib\urllib\request.py", line 643, in http_error_default
    raise HTTPError(req.full_url, code, msg, hdrs, fp)
urllib.error.HTTPError: HTTP Error 403: Forbidden
ERROR:root:'charmap' codec can't decode byte 0x81 in position 243915: character maps to <undefined>
Traceback (most recent call last):
  File "C:\Users\foysa\OneDrive\Desktop\web scraping scripts\url_colllections\scrap\wscrap.py", line 47, in read_web_page
    self.__data= obj.read()
  File "C:\Users\foysa\AppData\Local\Programs\Python\Python310\lib\encodings\cp1252.py", line 23, in decode
    return codecs.charmap_decode(input,self.errors,decoding_table)[0]
UnicodeDecodeError: 'charmap' codec can't decode byte 0x81 in position 243915: character maps to <undefined>
ERROR:root:'charmap' codec can't decode byte 0x81 in position 241641: character maps to <undefined>
Traceback (most recent call last):
  File "C:\Users\foysa\OneDrive\Desktop\web scraping scripts\url_colllections\scrap\wscrap.py", line 47, in read_web_page
    self.__data= obj.read()
  File "C:\Users\foysa\AppData\Local\Programs\Python\Python310\lib\encodings\cp1252.py", line 23, in decode
    return codecs.charmap_decode(input,self.errors,decoding_table)[0]
UnicodeDecodeError: 'charmap' codec can't decode byte 0x81 in position 241641: character maps to <undefined>
ERROR:root:'charmap' codec can't decode byte 0x81 in position 243915: character maps to <undefined>
Traceback (most recent call last):
  File "C:\Users\foysa\OneDrive\Desktop\web scraping scripts\url_colllections\scrap\wscrap.py", line 47, in read_web_page
    self.__data= obj.read()
  File "C:\Users\foysa\AppData\Local\Programs\Python\Python310\lib\encodings\cp1252.py", line 23, in decode
    return codecs.charmap_decode(input,self.errors,decoding_table)[0]
UnicodeDecodeError: 'charmap' codec can't decode byte 0x81 in position 243915: character maps to <undefined>
